<?xml version="1.0" encoding="UTF-8"?>
<!-- Generated by org.testng.reporters.JUnitReportReporter -->
<testsuite ignored="0" hostname="LAPTOP-5B087GNM" failures="0" tests="1" name="com.ms.testcases.LoginTestcase" time="11.327" errors="0" timestamp="12 Sep 2021 14:51:46 GMT" skipped="0">
  <testcase classname="com.ms.testcases.LoginTestcase" name="logininapplcation" time="11.327"/>
</testsuite> <!-- com.ms.testcases.LoginTestcase -->
